<?xml version="1.0" encoding="UTF-8"?>
<testng-results ignored="0" total="1" passed="1" failed="0" skipped="0">
  <reporter-output>
    <line>
      <![CDATA[Opening Amazon]]>
    </line>
  </reporter-output>
  <suite started-at="2023-07-26T08:59:28 IST" name="Default suite" finished-at="2023-07-26T08:59:40 IST" duration-ms="11953">
    <groups>
    </groups>
    <test started-at="2023-07-26T08:59:28 IST" name="Default test" finished-at="2023-07-26T08:59:40 IST" duration-ms="11953">
      <class name="onlineShopping.Amazon">
        <test-method signature="f()[pri:0, instance:onlineShopping.Amazon@3c407114]" started-at="2023-07-26T08:59:28 IST" name="f" finished-at="2023-07-26T08:59:40 IST" duration-ms="11891" status="PASS">
          <reporter-output>
            <line>
              <![CDATA[Opening Amazon]]>
            </line>
          </reporter-output>
        </test-method> <!-- f -->
      </class> <!-- onlineShopping.Amazon -->
    </test> <!-- Default test -->
  </suite> <!-- Default suite -->
</testng-results>
